{
  "RSpec": {
    "coverage": {
      "/Users/jackliang/Documents/clio-in-out-stub/app/models/user.rb": [
        1,
        null,
        null,
        null,
        1,
        null,
        null,
        null,
        1,
        null,
        1,
        null,
        null,
        19,
        null,
        1,
        null,
        1,
        null,
        1,
        null,
        1,
        57,
        null,
        null,
        1,
        6,
        null,
        null,
        1,
        152,
        null,
        null,
        1,
        2,
        48,
        48,
        32,
        32,
        null,
        null,
        2,
        32,
        32,
        32,
        32,
        null,
        0,
        null,
        32,
        null,
        null,
        null,
        null,
        null,
        null
      ],
      "/Users/jackliang/Documents/clio-in-out-stub/app/controllers/application_controller.rb": [
        1,
        null,
        1,
        null,
        null
      ],
      "/Users/jackliang/Documents/clio-in-out-stub/app/helpers/application_helper.rb": [
        1,
        null,
        1,
        null,
        null,
        null,
        36,
        null,
        null,
        null
      ],
      "/Users/jackliang/Documents/clio-in-out-stub/app/controllers/signup_controller.rb": [
        1,
        null,
        1,
        8,
        8,
        8,
        null,
        null,
        null
      ],
      "/Users/jackliang/Documents/clio-in-out-stub/app/controllers/users_controller.rb": [
        1,
        null,
        1,
        18,
        null,
        null,
        1,
        13,
        13,
        13,
        13,
        16,
        null,
        null,
        null,
        1,
        0,
        null,
        null,
        1,
        1,
        null,
        null,
        1,
        1,
        1,
        1,
        null,
        null,
        null,
        null
      ],
      "/Users/jackliang/Documents/clio-in-out-stub/app/models/accountant.rb": [
        1,
        null,
        1,
        null
      ],
      "/Users/jackliang/Documents/clio-in-out-stub/app/models/customer_service_rep.rb": [
        1,
        null,
        1,
        null
      ],
      "/Users/jackliang/Documents/clio-in-out-stub/app/models/salesperson.rb": [
        1,
        null,
        1,
        null
      ],
      "/Users/jackliang/Documents/clio-in-out-stub/app/models/software_developer.rb": [
        1,
        null,
        1,
        null
      ],
      "/Users/jackliang/Documents/clio-in-out-stub/app/models/software_tester.rb": [
        1,
        null,
        1,
        null
      ]
    },
    "timestamp": 1374635674
  }
}
